<?xml version="1.0" encoding="UTF-8"?>
<!-- Generated by org.testng.reporters.JUnitXMLReporter -->
<testsuite hostname="DESKTOP-9TV1JMC" ignored="0" name="Default test" tests="2" failures="0" timestamp="2022-10-28T12:48:23 IST" time="23.412" errors="0">
  <testcase name="runScenario" time="14.721" classname="io.cucumber.testng.AbstractTestNGCucumberTests"/>
  <testcase name="runScenario" time="7.241" classname="io.cucumber.testng.AbstractTestNGCucumberTests"/>
</testsuite> <!-- Default test -->
