<?xml version="1.0" encoding="UTF-8"?>
<!-- Generated by org.testng.reporters.JUnitXMLReporter -->
<testsuite hostname="DESKTOP-9TV1JMC" ignored="0" name="TestErrorValidation" tests="2" failures="1" timestamp="2022-09-25T17:45:00 IST" time="30.856" errors="0">
  <testcase name="ErrorValidation" time="1.012" classname="RahulShettyAcademy.test.ErrorValidationTest">
    <skipped/>
  </testcase> <!-- ErrorValidation -->
  <testcase name="ErrorValidation" time="0.818" classname="RahulShettyAcademy.test.ErrorValidationTest">
    <failure type="java.lang.AssertionError" message="expected [Incorrect email or password.] but found [Incorrect email or password]">
      <![CDATA[java.lang.AssertionError: expected [Incorrect email or password.] but found [Incorrect email or password]
at RahulShettyAcademy.test.ErrorValidationTest.ErrorValidation(ErrorValidationTest.java:38)
at java.util.ArrayList.forEach(ArrayList.java:1257)
at java.util.concurrent.FutureTask.run(FutureTask.java:266)
at java.util.concurrent.ThreadPoolExecutor.runWorker(ThreadPoolExecutor.java:1149)
at java.util.concurrent.ThreadPoolExecutor$Worker.run(ThreadPoolExecutor.java:624)
at java.lang.Thread.run(Thread.java:748)
... Removed 24 stack frames]]>
    </failure>
  </testcase> <!-- ErrorValidation -->
</testsuite> <!-- TestErrorValidation -->
