<?xml version="1.0" encoding="UTF-8"?>
<!-- Generated by org.testng.reporters.JUnitXMLReporter -->
<testsuite hostname="DESKTOP-9TV1JMC" ignored="0" name="TestSErrorValidation" tests="1" failures="1" timestamp="2022-09-04T14:28:19 IST" time="10.061" errors="0">
  <testcase name="SubmitOrder" time="0.977" classname="RahulShettyAcademy.test.ErrorValidation">
    <failure type="java.lang.AssertionError" message="expected [Incorrect email or password.] but found [Incorrect email or password]">
      <![CDATA[java.lang.AssertionError: expected [Incorrect email or password.] but found [Incorrect email or password]
at RahulShettyAcademy.test.ErrorValidation.SubmitOrder(ErrorValidation.java:37)
at java.util.ArrayList.forEach(ArrayList.java:1257)
... Removed 33 stack frames]]>
    </failure>
  </testcase> <!-- SubmitOrder -->
</testsuite> <!-- TestSErrorValidation -->
