<?xml version="1.0" encoding="UTF-8"?>
<testng-results skipped="0" failed="0" ignored="0" total="2" passed="2">
  <reporter-output>
  </reporter-output>
  <suite name="Default suite" duration-ms="23412" started-at="2022-10-28T12:48:00 IST" finished-at="2022-10-28T12:48:23 IST">
    <groups>
      <group name="cucumber">
        <method signature="AbstractTestNGCucumberTests.runScenario(io.cucumber.testng.PickleWrapper,io.cucumber.testng.FeatureWrapper)[pri:0, instance:cucumber.TestNGRunner@5123a213]" name="runScenario" class="io.cucumber.testng.AbstractTestNGCucumberTests"/>
      </group> <!-- cucumber -->
    </groups>
    <test name="Default test" duration-ms="23412" started-at="2022-10-28T12:48:00 IST" finished-at="2022-10-28T12:48:23 IST">
      <class name="cucumber.TestNGRunner">
        <test-method status="PASS" signature="setUpClass(org.testng.ITestContext)[pri:0, instance:cucumber.TestNGRunner@5123a213]" name="setUpClass" is-config="true" duration-ms="1296" started-at="2022-10-28T12:48:00 IST" finished-at="2022-10-28T12:48:01 IST">
          <params>
            <param index="0">
              <value>
                <![CDATA[org.testng.TestRunner@10f7c76]]>
              </value>
            </param>
          </params>
          <reporter-output>
          </reporter-output>
        </test-method> <!-- setUpClass -->
        <test-method status="PASS" signature="runScenario(io.cucumber.testng.PickleWrapper,io.cucumber.testng.FeatureWrapper)[pri:0, instance:cucumber.TestNGRunner@5123a213]" name="runScenario" duration-ms="14721" started-at="2022-10-28T12:48:01 IST" description="Runs Cucumber Scenarios" data-provider="scenarios" finished-at="2022-10-28T12:48:16 IST">
          <params>
            <param index="0">
              <value>
                <![CDATA["Positive Test of Submitting the order"]]>
              </value>
            </param>
            <param index="1">
              <value>
                <![CDATA["Purchase the order from Ecommerce Website"]]>
              </value>
            </param>
          </params>
          <reporter-output>
          </reporter-output>
        </test-method> <!-- runScenario -->
        <test-method status="PASS" signature="runScenario(io.cucumber.testng.PickleWrapper,io.cucumber.testng.FeatureWrapper)[pri:0, instance:cucumber.TestNGRunner@5123a213]" name="runScenario" duration-ms="7241" started-at="2022-10-28T12:48:16 IST" description="Runs Cucumber Scenarios" data-provider="scenarios" finished-at="2022-10-28T12:48:23 IST">
          <params>
            <param index="0">
              <value>
                <![CDATA["Negative Test for Login"]]>
              </value>
            </param>
            <param index="1">
              <value>
                <![CDATA["Purchase the order from Ecommerce Website"]]>
              </value>
            </param>
          </params>
          <reporter-output>
          </reporter-output>
        </test-method> <!-- runScenario -->
        <test-method status="PASS" signature="tearDownClass()[pri:0, instance:cucumber.TestNGRunner@5123a213]" name="tearDownClass" is-config="true" duration-ms="96" started-at="2022-10-28T12:48:23 IST" finished-at="2022-10-28T12:48:23 IST">
          <reporter-output>
          </reporter-output>
        </test-method> <!-- tearDownClass -->
      </class> <!-- cucumber.TestNGRunner -->
    </test> <!-- Default test -->
  </suite> <!-- Default suite -->
</testng-results>
